Added Component: Designator=C1(C0805)
Added Component: Designator=C2(C0805)
Added Component: Designator=C3(C0805)
Added Component: Designator=C4(C0805)
Added Component: Designator=C5(C0805)
Added Component: Designator=C6(C0805)
Added Component: Designator=C7(CAP5X5)
Added Component: Designator=C8(C0805)
Added Component: Designator=C9(C0805)
Added Component: Designator=C10(C0805)
Added Component: Designator=C11(C0805)
Added Component: Designator=C12(C0805)
Added Component: Designator=C13(C0805)
Added Component: Designator=C14(C0805)
Added Component: Designator=C15(C0805)
Added Component: Designator=C16(C0805)
Added Component: Designator=C17(C0805)
Added Component: Designator=C18(C3216)
Added Component: Designator=C19(C0805)
Added Component: Designator=C20(C0805)
Added Component: Designator=C21(C0805)
Added Component: Designator=C22(C0805)
Added Component: Designator=C23(C0805)
Added Component: Designator=C24(C0805)
Added Component: Designator=C25(C0805)
Added Component: Designator=C26(C0805)
Added Component: Designator=C27(C0805)
Added Component: Designator=C28(C0805)
Added Component: Designator=C29(C0805)
Added Component: Designator=CN1(4Pin-2.54)
Added Component: Designator=D1(SOD123)
Added Component: Designator=JP1(IDC20_A)
Added Component: Designator=L1(L0805)
Added Component: Designator=L2(L0805)
Added Component: Designator=L3(L0805)
Added Component: Designator=L4(L0805)
Added Component: Designator=LED1(LED_0805)
Added Component: Designator=LS1(PIN2)
Added Component: Designator=MCU_LED1(LED_0805)
Added Component: Designator=OP1(SOP4)
Added Component: Designator=OP2(SOP4)
Added Component: Designator=P1(HDR1X6)
Added Component: Designator=P2(HDR2X10)
Added Component: Designator=P3(HDR1X19)
Added Component: Designator=P4(HDR1X17)
Added Component: Designator=P5(HDR1X12)
Added Component: Designator=P6(HDR1X12)
Added Component: Designator=P7(HDR1X2)
Added Component: Designator=P8(HDR1X2)
Added Component: Designator=Q1(TO-92B)
Added Component: Designator=R1(R0805)
Added Component: Designator=R2(R0805)
Added Component: Designator=R3(R0805)
Added Component: Designator=R4(R0805)
Added Component: Designator=R5(R0805)
Added Component: Designator=R6(R0805)
Added Component: Designator=R7(R0805)
Added Component: Designator=R8(R0805)
Added Component: Designator=R9(R0805)
Added Component: Designator=R10(R0805)
Added Component: Designator=R11(R0805)
Added Component: Designator=R12(R0805)
Added Component: Designator=R13(R0805)
Added Component: Designator=R14(R0805)
Added Component: Designator=R15(R0805)
Added Component: Designator=R16(R0805)
Added Component: Designator=R17(R0805)
Added Component: Designator=R18(R0805)
Added Component: Designator=R19(R0805)
Added Component: Designator=R20(R0805)
Added Component: Designator=R21(R0805)
Added Component: Designator=R22(R0805)
Added Component: Designator=R23(R0805)
Added Component: Designator=R24(R0805)
Added Component: Designator=R25(R0805)
Added Component: Designator=R26(R0805)
Added Component: Designator=R27(R0805)
Added Component: Designator=R28(R0805)
Added Component: Designator=R29(R0805)
Added Component: Designator=R30(R0805)
Added Component: Designator=R31(R0805)
Added Component: Designator=R32(R0805)
Added Component: Designator=R33(R0805)
Added Component: Designator=R34(R0805)
Added Component: Designator=R35(R0805)
Added Component: Designator=R36(R0805)
Added Component: Designator=R37(R0805)
Added Component: Designator=R38(R0805)
Added Component: Designator=R39(R0805)
Added Component: Designator=RLED1(R0805)
Added Component: Designator=RLED2(R0805)
Added Component: Designator=RLEN1(R0805)
Added Component: Designator=T1(DO-204AL)
Added Component: Designator=U1(SOIC8_N)
Added Component: Designator=U2(LQFP-48_M)
Added Component: Designator=U3(SOIC8_N)
Added Component: Designator=U4(SOT-223-3L(M3))
Added Component: Designator=U5(SOIC8_N)
Added Component: Designator=U6(HT1621B(SSOP))
Added Component: Designator=U7(HT1621B(SSOP))
Added Component: Designator=Y1(XTAL_SOCKET)
Added Pin To Net: NetName=3.3V Pin=C1-1
Added Pin To Net: NetName=GND Pin=C1-2
Added Pin To Net: NetName=3.3V Pin=C2-1
Added Pin To Net: NetName=GND Pin=C2-2
Added Pin To Net: NetName=3.3V Pin=C3-1
Added Pin To Net: NetName=GND Pin=C3-2
Added Pin To Net: NetName=3.3V Pin=C4-1
Added Pin To Net: NetName=GND Pin=C4-2
Added Pin To Net: NetName=3.3V Pin=C5-1
Added Pin To Net: NetName=GND Pin=C5-2
Added Pin To Net: NetName=3.3V Pin=C6-1
Added Pin To Net: NetName=GND Pin=C6-2
Added Pin To Net: NetName=3.3V Pin=C7-1
Added Pin To Net: NetName=GND Pin=C7-2
Added Pin To Net: NetName=BAT Pin=C8-1
Added Pin To Net: NetName=GND Pin=C8-2
Added Pin To Net: NetName=OSC_IN Pin=C9-1
Added Pin To Net: NetName=GND Pin=C9-2
Added Pin To Net: NetName=OSC_OUT Pin=C10-1
Added Pin To Net: NetName=GND Pin=C10-2
Added Pin To Net: NetName=GND Pin=C11-1
Added Pin To Net: NetName=RESET Pin=C11-2
Added Pin To Net: NetName=GND Pin=C12-1
Added Pin To Net: NetName=3.3V Pin=C12-2
Added Pin To Net: NetName=NetC13_1 Pin=C13-1
Added Pin To Net: NetName=NetC13_2 Pin=C13-2
Added Pin To Net: NetName=NetC13_1 Pin=C14-1
Added Pin To Net: NetName=NetC13_2 Pin=C14-2
Added Pin To Net: NetName=SCS2 Pin=C15-1
Added Pin To Net: NetName=GND Pin=C15-2
Added Pin To Net: NetName=SCS1 Pin=C16-1
Added Pin To Net: NetName=GND Pin=C16-2
Added Pin To Net: NetName=3.3V Pin=C17-1
Added Pin To Net: NetName=NetC17_2 Pin=C17-2
Added Pin To Net: NetName=3.3V Pin=C18-1
Added Pin To Net: NetName=NetC17_2 Pin=C18-2
Added Pin To Net: NetName=+5V Pin=C19-1
Added Pin To Net: NetName=NetC17_2 Pin=C19-2
Added Pin To Net: NetName=+5V Pin=C20-1
Added Pin To Net: NetName=NetC17_2 Pin=C20-2
Added Pin To Net: NetName=SWR Pin=C21-1
Added Pin To Net: NetName=GND Pin=C21-2
Added Pin To Net: NetName=SDATA Pin=C22-1
Added Pin To Net: NetName=GND Pin=C22-2
Added Pin To Net: NetName=VDD1 Pin=C23-1
Added Pin To Net: NetName=GND Pin=C23-2
Added Pin To Net: NetName=VDD1 Pin=C24-1
Added Pin To Net: NetName=GND Pin=C24-2
Added Pin To Net: NetName=SC5V Pin=C25-1
Added Pin To Net: NetName=GND Pin=C25-2
Added Pin To Net: NetName=SC5V Pin=C26-1
Added Pin To Net: NetName=GND Pin=C26-2
Added Pin To Net: NetName=SC5V Pin=C27-1
Added Pin To Net: NetName=GND Pin=C27-2
Added Pin To Net: NetName=VDD2 Pin=C28-1
Added Pin To Net: NetName=GND Pin=C28-2
Added Pin To Net: NetName=VDD2 Pin=C29-1
Added Pin To Net: NetName=GND Pin=C29-2
Added Pin To Net: NetName=GND Pin=CN1-1
Added Pin To Net: NetName=TEST_RXD Pin=CN1-2
Added Pin To Net: NetName=TEST_TXD Pin=CN1-3
Added Pin To Net: NetName=3.3V Pin=CN1-4
Added Pin To Net: NetName=3.3V Pin=D1-A
Added Pin To Net: NetName=BAT Pin=D1-K
Added Pin To Net: NetName=3.3V Pin=JP1-1
Added Pin To Net: NetName=3.3V Pin=JP1-2
Added Pin To Net: NetName=JTRST Pin=JP1-3
Added Pin To Net: NetName=GND Pin=JP1-4
Added Pin To Net: NetName=JTDI Pin=JP1-5
Added Pin To Net: NetName=GND Pin=JP1-6
Added Pin To Net: NetName=JTMS Pin=JP1-7
Added Pin To Net: NetName=GND Pin=JP1-8
Added Pin To Net: NetName=JTCK Pin=JP1-9
Added Pin To Net: NetName=GND Pin=JP1-10
Added Pin To Net: NetName=GND Pin=JP1-12
Added Pin To Net: NetName=JTDO Pin=JP1-13
Added Pin To Net: NetName=GND Pin=JP1-14
Added Pin To Net: NetName=RESET Pin=JP1-15
Added Pin To Net: NetName=GND Pin=JP1-16
Added Pin To Net: NetName=GND Pin=JP1-18
Added Pin To Net: NetName=GND Pin=JP1-20
Added Pin To Net: NetName=3.3V Pin=L1-1
Added Pin To Net: NetName=NetC13_2 Pin=L1-2
Added Pin To Net: NetName=GND Pin=L2-1
Added Pin To Net: NetName=NetC13_1 Pin=L2-2
Added Pin To Net: NetName=SC5V Pin=L3-1
Added Pin To Net: NetName=VDD1 Pin=L3-2
Added Pin To Net: NetName=SC5V Pin=L4-1
Added Pin To Net: NetName=VDD2 Pin=L4-2
Added Pin To Net: NetName=NetLED1_1 Pin=LED1-1
Added Pin To Net: NetName=NetC17_2 Pin=LED1-2
Added Pin To Net: NetName=+5V Pin=LS1-1
Added Pin To Net: NetName=NetLS1_2 Pin=LS1-2
Added Pin To Net: NetName=NetMCU_LED1_1 Pin=MCU_LED1-1
Added Pin To Net: NetName=MCU_LED Pin=MCU_LED1-2
Added Pin To Net: NetName=NetOP1_A Pin=OP1-A
Added Pin To Net: NetName=NetOP1_C Pin=OP1-C
Added Pin To Net: NetName=GND Pin=OP1-E
Added Pin To Net: NetName=BEEP Pin=OP1-K
Added Pin To Net: NetName=NetOP2_A Pin=OP2-A
Added Pin To Net: NetName=NetOP2_C Pin=OP2-C
Added Pin To Net: NetName=SC5V Pin=OP2-E
Added Pin To Net: NetName=VOUT Pin=OP2-K
Added Pin To Net: NetName=L1 Pin=P1-1
Added Pin To Net: NetName=L2 Pin=P1-2
Added Pin To Net: NetName=L3 Pin=P1-3
Added Pin To Net: NetName=L4 Pin=P1-4
Added Pin To Net: NetName=H1 Pin=P1-5
Added Pin To Net: NetName=H2 Pin=P1-6
Added Pin To Net: NetName=GND Pin=P2-1
Added Pin To Net: NetName=GND Pin=P2-2
Added Pin To Net: NetName=RXD_S Pin=P2-3
Added Pin To Net: NetName=GND Pin=P2-4
Added Pin To Net: NetName=TXD_S Pin=P2-5
Added Pin To Net: NetName=GND Pin=P2-6
Added Pin To Net: NetName=GND Pin=P2-7
Added Pin To Net: NetName=GND Pin=P2-8
Added Pin To Net: NetName=H2 Pin=P2-9
Added Pin To Net: NetName=GND Pin=P2-10
Added Pin To Net: NetName=H1 Pin=P2-11
Added Pin To Net: NetName=GND Pin=P2-12
Added Pin To Net: NetName=L4 Pin=P2-13
Added Pin To Net: NetName=RESET Pin=P2-14
Added Pin To Net: NetName=L3 Pin=P2-15
Added Pin To Net: NetName=VCC Pin=P2-16
Added Pin To Net: NetName=L2 Pin=P2-17
Added Pin To Net: NetName=VCC Pin=P2-18
Added Pin To Net: NetName=L1 Pin=P2-19
Added Pin To Net: NetName=VCC Pin=P2-20
Added Pin To Net: NetName=FG Pin=P3-1
Added Pin To Net: NetName=2C0 Pin=P3-2
Added Pin To Net: NetName=2C1 Pin=P3-3
Added Pin To Net: NetName=2C2 Pin=P3-4
Added Pin To Net: NetName=2C3 Pin=P3-5
Added Pin To Net: NetName=2S22 Pin=P3-6
Added Pin To Net: NetName=2S0 Pin=P3-7
Added Pin To Net: NetName=2S1 Pin=P3-8
Added Pin To Net: NetName=2S2 Pin=P3-9
Added Pin To Net: NetName=2S3 Pin=P3-10
Added Pin To Net: NetName=2S4 Pin=P3-11
Added Pin To Net: NetName=2S5 Pin=P3-12
Added Pin To Net: NetName=2S6 Pin=P3-13
Added Pin To Net: NetName=2S7 Pin=P3-14
Added Pin To Net: NetName=2S8 Pin=P3-15
Added Pin To Net: NetName=2S9 Pin=P3-16
Added Pin To Net: NetName=2S10 Pin=P3-17
Added Pin To Net: NetName=2S11 Pin=P3-18
Added Pin To Net: NetName=FG Pin=P3-19
Added Pin To Net: NetName=FG Pin=P4-1
Added Pin To Net: NetName=2S12 Pin=P4-2
Added Pin To Net: NetName=2S13 Pin=P4-3
Added Pin To Net: NetName=2S14 Pin=P4-4
Added Pin To Net: NetName=2S15 Pin=P4-5
Added Pin To Net: NetName=2S16 Pin=P4-6
Added Pin To Net: NetName=2S17 Pin=P4-7
Added Pin To Net: NetName=2S18 Pin=P4-8
Added Pin To Net: NetName=2S19 Pin=P4-9
Added Pin To Net: NetName=2S20 Pin=P4-10
Added Pin To Net: NetName=2S21 Pin=P4-11
Added Pin To Net: NetName=2S22 Pin=P4-12
Added Pin To Net: NetName=2C0 Pin=P4-13
Added Pin To Net: NetName=2C1 Pin=P4-14
Added Pin To Net: NetName=2C2 Pin=P4-15
Added Pin To Net: NetName=2C3 Pin=P4-16
Added Pin To Net: NetName=FG Pin=P4-17
Added Pin To Net: NetName=FG Pin=P5-1
Added Pin To Net: NetName=1C3 Pin=P5-2
Added Pin To Net: NetName=1C2 Pin=P5-3
Added Pin To Net: NetName=1C1 Pin=P5-4
Added Pin To Net: NetName=1C0 Pin=P5-5
Added Pin To Net: NetName=1S15 Pin=P5-6
Added Pin To Net: NetName=1S14 Pin=P5-7
Added Pin To Net: NetName=1S13 Pin=P5-8
Added Pin To Net: NetName=1S12 Pin=P5-9
Added Pin To Net: NetName=1S11 Pin=P5-10
Added Pin To Net: NetName=1S10 Pin=P5-11
Added Pin To Net: NetName=FG Pin=P5-12
Added Pin To Net: NetName=FG Pin=P6-1
Added Pin To Net: NetName=1S9 Pin=P6-2
Added Pin To Net: NetName=1S8 Pin=P6-3
Added Pin To Net: NetName=1S7 Pin=P6-4
Added Pin To Net: NetName=1S6 Pin=P6-5
Added Pin To Net: NetName=1S5 Pin=P6-6
Added Pin To Net: NetName=1S4 Pin=P6-7
Added Pin To Net: NetName=1S3 Pin=P6-8
Added Pin To Net: NetName=1S2 Pin=P6-9
Added Pin To Net: NetName=1S1 Pin=P6-10
Added Pin To Net: NetName=1S0 Pin=P6-11
Added Pin To Net: NetName=FG Pin=P6-12
Added Pin To Net: NetName=NetP7_1 Pin=P7-1
Added Pin To Net: NetName=NetP7_2 Pin=P7-2
Added Pin To Net: NetName=NetP8_1 Pin=P8-1
Added Pin To Net: NetName=NetP8_2 Pin=P8-2
Added Pin To Net: NetName=NetQ1_1 Pin=Q1-1
Added Pin To Net: NetName=NetLS1_2 Pin=Q1-2
Added Pin To Net: NetName=GND Pin=Q1-3
Added Pin To Net: NetName=RXD_S Pin=R1-1
Added Pin To Net: NetName=+5V Pin=R1-2
Added Pin To Net: NetName=TXD_S Pin=R2-1
Added Pin To Net: NetName=+5V Pin=R2-2
Added Pin To Net: NetName=NetR3_1 Pin=R3-1
Added Pin To Net: NetName=3.3V Pin=R3-2
Added Pin To Net: NetName=NetR4_1 Pin=R4-1
Added Pin To Net: NetName=3.3V Pin=R4-2
Added Pin To Net: NetName=JTDO Pin=R5-1
Added Pin To Net: NetName=3.3V Pin=R5-2
Added Pin To Net: NetName=JTMS Pin=R6-1
Added Pin To Net: NetName=3.3V Pin=R6-2
Added Pin To Net: NetName=JTDI Pin=R7-1
Added Pin To Net: NetName=3.3V Pin=R7-2
Added Pin To Net: NetName=JTRST Pin=R8-1
Added Pin To Net: NetName=3.3V Pin=R8-2
Added Pin To Net: NetName=JTCK Pin=R9-1
Added Pin To Net: NetName=GND Pin=R9-2
Added Pin To Net: NetName=3.3V Pin=R10-1
Added Pin To Net: NetName=NetMCU_LED1_1 Pin=R10-2
Added Pin To Net: NetName=OSC_IN Pin=R11-1
Added Pin To Net: NetName=OSC_OUT Pin=R11-2
Added Pin To Net: NetName=RESET Pin=R12-1
Added Pin To Net: NetName=3.3V Pin=R12-2
Added Pin To Net: NetName=NetR13_1 Pin=R13-1
Added Pin To Net: NetName=TEST_TXD Pin=R13-2
Added Pin To Net: NetName=NetR14_1 Pin=R14-1
Added Pin To Net: NetName=TEST_RXD Pin=R14-2
Added Pin To Net: NetName=SCS1 Pin=R15-1
Added Pin To Net: NetName=3.3V Pin=R15-2
Added Pin To Net: NetName=NetR16_1 Pin=R16-1
Added Pin To Net: NetName=+5V Pin=R16-2
Added Pin To Net: NetName=SCS2 Pin=R17-1
Added Pin To Net: NetName=3.3V Pin=R17-2
Added Pin To Net: NetName=NetR18_1 Pin=R18-1
Added Pin To Net: NetName=+5V Pin=R18-2
Added Pin To Net: NetName=3.3V Pin=R19-1
Added Pin To Net: NetName=NetLED1_1 Pin=R19-2
Added Pin To Net: NetName=SDATA Pin=R20-1
Added Pin To Net: NetName=3.3V Pin=R20-2
Added Pin To Net: NetName=NetR21_1 Pin=R21-1
Added Pin To Net: NetName=+5V Pin=R21-2
Added Pin To Net: NetName=SWR Pin=R22-1
Added Pin To Net: NetName=3.3V Pin=R22-2
Added Pin To Net: NetName=NetR23_1 Pin=R23-1
Added Pin To Net: NetName=+5V Pin=R23-2
Added Pin To Net: NetName=NetQ1_1 Pin=R24-1
Added Pin To Net: NetName=+5V Pin=R24-2
Added Pin To Net: NetName=NetOP2_A Pin=R25-1
Added Pin To Net: NetName=3.3V Pin=R25-2
Added Pin To Net: NetName=NetOP2_C Pin=R26-1
Added Pin To Net: NetName=+5V Pin=R26-2
Added Pin To Net: NetName=3.3V Pin=R27-1
Added Pin To Net: NetName=NetOP1_A Pin=R27-2
Added Pin To Net: NetName=NetOP1_C Pin=R28-1
Added Pin To Net: NetName=NetQ1_1 Pin=R28-2
Added Pin To Net: NetName=SC5V Pin=R29-1
Added Pin To Net: NetName=NetOP2_C Pin=R29-2
Added Pin To Net: NetName=NetR18_1 Pin=R30-1
Added Pin To Net: NetName=CS2 Pin=R30-2
Added Pin To Net: NetName=NetR31_1 Pin=R31-1
Added Pin To Net: NetName=GND Pin=R31-2
Added Pin To Net: NetName=NetR23_1 Pin=R32-1
Added Pin To Net: NetName=WR1 Pin=R32-2
Added Pin To Net: NetName=VDD1 Pin=R33-1
Added Pin To Net: NetName=NetR31_1 Pin=R33-2
Added Pin To Net: NetName=NetR23_1 Pin=R34-1
Added Pin To Net: NetName=WR2 Pin=R34-2
Added Pin To Net: NetName=NetR21_1 Pin=R35-1
Added Pin To Net: NetName=DATA1 Pin=R35-2
Added Pin To Net: NetName=NetR21_1 Pin=R36-1
Added Pin To Net: NetName=DATA2 Pin=R36-2
Added Pin To Net: NetName=NetR16_1 Pin=R37-1
Added Pin To Net: NetName=CS1 Pin=R37-2
Added Pin To Net: NetName=NetR38_1 Pin=R38-1
Added Pin To Net: NetName=GND Pin=R38-2
Added Pin To Net: NetName=VDD2 Pin=R39-1
Added Pin To Net: NetName=NetR38_1 Pin=R39-2
Added Pin To Net: NetName=NetP7_2 Pin=RLED1-1
Added Pin To Net: NetName=NetP8_1 Pin=RLED1-2
Added Pin To Net: NetName=NetP7_1 Pin=RLED2-1
Added Pin To Net: NetName=NetP8_2 Pin=RLED2-2
Added Pin To Net: NetName=NetP7_2 Pin=RLEN1-1
Added Pin To Net: NetName=NetP8_1 Pin=RLEN1-2
Added Pin To Net: NetName=GND Pin=T1-1
Added Pin To Net: NetName=SC5V Pin=T1-2
Added Pin To Net: NetName=+5V Pin=U1-1
Added Pin To Net: NetName=TXD_S Pin=U1-2
Added Pin To Net: NetName=RXD_S Pin=U1-3
Added Pin To Net: NetName=GND Pin=U1-4
Added Pin To Net: NetName=GND Pin=U1-5
Added Pin To Net: NetName=NetR4_1 Pin=U1-6
Added Pin To Net: NetName=NetR3_1 Pin=U1-7
Added Pin To Net: NetName=3.3V Pin=U1-8
Added Pin To Net: NetName=BAT Pin=U2-1
Added Pin To Net: NetName=MCU_LED Pin=U2-2
Added Pin To Net: NetName=OSC_IN Pin=U2-5
Added Pin To Net: NetName=OSC_OUT Pin=U2-6
Added Pin To Net: NetName=RESET Pin=U2-7
Added Pin To Net: NetName=GND Pin=U2-8
Added Pin To Net: NetName=3.3V Pin=U2-9
Added Pin To Net: NetName=BEEP Pin=U2-16
Added Pin To Net: NetName=VOUT Pin=U2-17
Added Pin To Net: NetName=NetR3_1 Pin=U2-21
Added Pin To Net: NetName=NetR4_1 Pin=U2-22
Added Pin To Net: NetName=GND Pin=U2-23
Added Pin To Net: NetName=3.3V Pin=U2-24
Added Pin To Net: NetName=SDATA Pin=U2-25
Added Pin To Net: NetName=SWR Pin=U2-26
Added Pin To Net: NetName=SCS1 Pin=U2-27
Added Pin To Net: NetName=SCS2 Pin=U2-28
Added Pin To Net: NetName=NetR14_1 Pin=U2-30
Added Pin To Net: NetName=NetR13_1 Pin=U2-31
Added Pin To Net: NetName=JTMS Pin=U2-34
Added Pin To Net: NetName=GND Pin=U2-35
Added Pin To Net: NetName=3.3V Pin=U2-36
Added Pin To Net: NetName=JTCK Pin=U2-37
Added Pin To Net: NetName=JTDI Pin=U2-38
Added Pin To Net: NetName=JTDO Pin=U2-39
Added Pin To Net: NetName=JTRST Pin=U2-40
Added Pin To Net: NetName=GND Pin=U2-44
Added Pin To Net: NetName=GND Pin=U2-47
Added Pin To Net: NetName=3.3V Pin=U2-48
Added Pin To Net: NetName=3.3V Pin=U3-1
Added Pin To Net: NetName=SCS1 Pin=U3-2
Added Pin To Net: NetName=SCS2 Pin=U3-3
Added Pin To Net: NetName=GND Pin=U3-4
Added Pin To Net: NetName=GND Pin=U3-5
Added Pin To Net: NetName=NetR18_1 Pin=U3-6
Added Pin To Net: NetName=NetR16_1 Pin=U3-7
Added Pin To Net: NetName=+5V Pin=U3-8
Added Pin To Net: NetName=NetC17_2 Pin=U4-1
Added Pin To Net: NetName=3.3V Pin=U4-2
Added Pin To Net: NetName=+5V Pin=U4-3
Added Pin To Net: NetName=3.3V Pin=U4-4
Added Pin To Net: NetName=3.3V Pin=U5-1
Added Pin To Net: NetName=SDATA Pin=U5-2
Added Pin To Net: NetName=SWR Pin=U5-3
Added Pin To Net: NetName=GND Pin=U5-4
Added Pin To Net: NetName=GND Pin=U5-5
Added Pin To Net: NetName=NetR23_1 Pin=U5-6
Added Pin To Net: NetName=NetR21_1 Pin=U5-7
Added Pin To Net: NetName=+5V Pin=U5-8
Added Pin To Net: NetName=GND Pin=Y1-0
Added Pin To Net: NetName=OSC_OUT Pin=Y1-1
Added Pin To Net: NetName=OSC_IN Pin=Y1-2
Added Member To Class: ClassName=M1 Member=Component C1 104/0805
Added Member To Class: ClassName=M1 Member=Component C2 104/0805
Added Member To Class: ClassName=M1 Member=Component C3 104/0805
Added Member To Class: ClassName=M1 Member=Component C4 104/0805
Added Member To Class: ClassName=M1 Member=Component C5 104/0805
Added Member To Class: ClassName=M1 Member=Component C6 104/0805
Added Member To Class: ClassName=M1 Member=Component C7 4.7uF/16V
Added Member To Class: ClassName=M1 Member=Component C8 104/0805
Added Member To Class: ClassName=M1 Member=Component C9 22p/0805
Added Member To Class: ClassName=M1 Member=Component C10 22p/0805
Added Member To Class: ClassName=M1 Member=Component C11 104/0805
Added Member To Class: ClassName=M1 Member=Component C12 104/0805
Added Member To Class: ClassName=M1 Member=Component C13 104/0805
Added Member To Class: ClassName=M1 Member=Component C14 104/0805
Added Member To Class: ClassName=M1 Member=Component C15 330P/0805
Added Member To Class: ClassName=M1 Member=Component C16 330P/0805
Added Member To Class: ClassName=M1 Member=Component C17 104/0805
Added Member To Class: ClassName=M1 Member=Component C18 10UF/16V
Added Member To Class: ClassName=M1 Member=Component C19 104/0805
Added Member To Class: ClassName=M1 Member=Component C20 104/0805
Added Member To Class: ClassName=M1 Member=Component C21 330P/0805
Added Member To Class: ClassName=M1 Member=Component C22 330P/0805
Added Member To Class: ClassName=M2 Member=Component C23 104/0805
Added Member To Class: ClassName=M2 Member=Component C24 102/0805
Added Member To Class: ClassName=M2 Member=Component C25 103/0805
Added Member To Class: ClassName=M2 Member=Component C26 105/0805
Added Member To Class: ClassName=M2 Member=Component C27 106/0805
Added Member To Class: ClassName=M2 Member=Component C28 104/0805
Added Member To Class: ClassName=M2 Member=Component C29 102/0805
Added Member To Class: ClassName=M1 Member=Component CN1 SCREEN2
Added Member To Class: ClassName=M1 Member=Component D1 DIODE
Added Member To Class: ClassName=M1 Member=Component JP1 JTAG
Added Member To Class: ClassName=M1 Member=Component L1 10uH/0805
Added Member To Class: ClassName=M1 Member=Component L2 10uH/0805
Added Member To Class: ClassName=M2 Member=Component L3 10uH/0805
Added Member To Class: ClassName=M2 Member=Component L4 10uH/0805
Added Member To Class: ClassName=M1 Member=Component LED1 LED0805
Added Member To Class: ClassName=M1 Member=Component LS1 Speaker
Added Member To Class: ClassName=M1 Member=Component MCU_LED1 LED0805
Added Member To Class: ClassName=M1 Member=Component OP1 TLP280-1
Added Member To Class: ClassName=M1 Member=Component OP2 TLP280-1
Added Member To Class: ClassName=M1 Member=Component P1 Header 6
Added Member To Class: ClassName=M1 Member=Component P2 Header 10X2
Added Member To Class: ClassName=M2 Member=Component P3 Header 19
Added Member To Class: ClassName=M2 Member=Component P4 Header 17
Added Member To Class: ClassName=M2 Member=Component P5 Header 12
Added Member To Class: ClassName=M2 Member=Component P6 Header 12
Added Member To Class: ClassName=M2 Member=Component P7 Header 2
Added Member To Class: ClassName=M2 Member=Component P8 Header 2
Added Member To Class: ClassName=M1 Member=Component Q1 C9015/TO-92
Added Member To Class: ClassName=M1 Member=Component R1 10k次/0.25W
Added Member To Class: ClassName=M1 Member=Component R2 10k次/0.25W
Added Member To Class: ClassName=M1 Member=Component R3 10k次/0.25W
Added Member To Class: ClassName=M1 Member=Component R4 10k次/0.25W
Added Member To Class: ClassName=M1 Member=Component R5 10k次/0.25W
Added Member To Class: ClassName=M1 Member=Component R6 10k次/0.25W
Added Member To Class: ClassName=M1 Member=Component R7 10k次/0.25W
Added Member To Class: ClassName=M1 Member=Component R8 10k次/0.25W
Added Member To Class: ClassName=M1 Member=Component R9 10k次/0.25W
Added Member To Class: ClassName=M1 Member=Component R10 10k次/0.25W
Added Member To Class: ClassName=M1 Member=Component R11 1M次/0.25W
Added Member To Class: ClassName=M1 Member=Component R12 10k次/0.25W
Added Member To Class: ClassName=M1 Member=Component R13 100次/0.25W
Added Member To Class: ClassName=M1 Member=Component R14 100次/0.25W
Added Member To Class: ClassName=M1 Member=Component R15 10K次/0.25W
Added Member To Class: ClassName=M1 Member=Component R16 10K次/0.25W
Added Member To Class: ClassName=M1 Member=Component R17 10K次/0.25W
Added Member To Class: ClassName=M1 Member=Component R18 10K次/0.25W
Added Member To Class: ClassName=M1 Member=Component R19 1k次/0.25W
Added Member To Class: ClassName=M1 Member=Component R20 10K次/0.25W
Added Member To Class: ClassName=M1 Member=Component R21 10K次/0.25W
Added Member To Class: ClassName=M1 Member=Component R22 10K次/0.25W
Added Member To Class: ClassName=M1 Member=Component R23 10K次/0.25W
Added Member To Class: ClassName=M1 Member=Component R24 10k次/0.25W
Added Member To Class: ClassName=M1 Member=Component R25 1k次/0.25W
Added Member To Class: ClassName=M1 Member=Component R26 3k次/0.25W
Added Member To Class: ClassName=M1 Member=Component R27 1k次/0.25W
Added Member To Class: ClassName=M1 Member=Component R28 3k次/0.25W
Added Member To Class: ClassName=M1 Member=Component R29 NC
Added Member To Class: ClassName=M2 Member=Component R30 1M次/0.25W
Added Member To Class: ClassName=M2 Member=Component R31 0次/0.25W
Added Member To Class: ClassName=M2 Member=Component R32 1M次/0.25W
Added Member To Class: ClassName=M2 Member=Component R33 3K次/0.25W
Added Member To Class: ClassName=M2 Member=Component R34 1M次/0.25W
Added Member To Class: ClassName=M2 Member=Component R35 1M次/0.25W
Added Member To Class: ClassName=M2 Member=Component R36 1M次/0.25W
Added Member To Class: ClassName=M2 Member=Component R37 1M次/0.25W
Added Member To Class: ClassName=M2 Member=Component R38 0次/0.25W
Added Member To Class: ClassName=M2 Member=Component R39 3K次/0.25W
Added Member To Class: ClassName=M2 Member=Component RLED1 100次/0.25W
Added Member To Class: ClassName=M2 Member=Component RLED2 100次/0.25W
Added Member To Class: ClassName=M2 Member=Component RLEN1 100次/0.25W
Added Member To Class: ClassName=M2 Member=Component T1 6.0CA
Added Member To Class: ClassName=M1 Member=Component U1 ADUM1201
Added Member To Class: ClassName=M1 Member=Component U2 STM32F103C
Added Member To Class: ClassName=M1 Member=Component U3 ADUM1200
Added Member To Class: ClassName=M1 Member=Component U4 AS1117M3-33/SOT-223
Added Member To Class: ClassName=M1 Member=Component U5 ADUM1200
Added Member To Class: ClassName=M2 Member=Component U6 HT1621
Added Member To Class: ClassName=M2 Member=Component U7 HT1621
Added Member To Class: ClassName=M1 Member=Component Y1 8.00MHz
Added Room: Name=M1
Added Room: Name=M2
