Added Pin To Net: NetName=1S7 Pin=U6-1
Added Pin To Net: NetName=1S6 Pin=U6-2
Added Pin To Net: NetName=1S5 Pin=U6-3
Added Pin To Net: NetName=1S4 Pin=U6-4
Added Pin To Net: NetName=1S3 Pin=U6-5
Added Pin To Net: NetName=1S2 Pin=U6-6
Added Pin To Net: NetName=1S1 Pin=U6-7
Added Pin To Net: NetName=1S0 Pin=U6-8
Added Pin To Net: NetName=CS1 Pin=U6-9
Added Pin To Net: NetName=WR1 Pin=U6-11
Added Pin To Net: NetName=DATA1 Pin=U6-12
Added Pin To Net: NetName=GND Pin=U6-13
Added Pin To Net: NetName=NetR31_1 Pin=U6-16
Added Pin To Net: NetName=VDD1 Pin=U6-17
Added Pin To Net: NetName=1C0 Pin=U6-21
Added Pin To Net: NetName=1C1 Pin=U6-22
Added Pin To Net: NetName=1C2 Pin=U6-23
Added Pin To Net: NetName=1C3 Pin=U6-24
Added Pin To Net: NetName=1S15 Pin=U6-41
Added Pin To Net: NetName=1S14 Pin=U6-42
Added Pin To Net: NetName=1S13 Pin=U6-43
Added Pin To Net: NetName=1S12 Pin=U6-44
Added Pin To Net: NetName=1S11 Pin=U6-45
Added Pin To Net: NetName=1S10 Pin=U6-46
Added Pin To Net: NetName=1S9 Pin=U6-47
Added Pin To Net: NetName=1S8 Pin=U6-48
Added Pin To Net: NetName=2S7 Pin=U7-1
Added Pin To Net: NetName=2S6 Pin=U7-2
Added Pin To Net: NetName=2S5 Pin=U7-3
Added Pin To Net: NetName=2S4 Pin=U7-4
Added Pin To Net: NetName=2S3 Pin=U7-5
Added Pin To Net: NetName=2S2 Pin=U7-6
Added Pin To Net: NetName=2S1 Pin=U7-7
Added Pin To Net: NetName=2S0 Pin=U7-8
Added Pin To Net: NetName=CS2 Pin=U7-9
Added Pin To Net: NetName=WR2 Pin=U7-11
Added Pin To Net: NetName=DATA2 Pin=U7-12
Added Pin To Net: NetName=GND Pin=U7-13
Added Pin To Net: NetName=NetR38_1 Pin=U7-16
Added Pin To Net: NetName=VDD2 Pin=U7-17
Added Pin To Net: NetName=2C0 Pin=U7-21
Added Pin To Net: NetName=2C1 Pin=U7-22
Added Pin To Net: NetName=2C2 Pin=U7-23
Added Pin To Net: NetName=2C3 Pin=U7-24
Added Pin To Net: NetName=2S22 Pin=U7-34
Added Pin To Net: NetName=2S21 Pin=U7-35
Added Pin To Net: NetName=2S20 Pin=U7-36
Added Pin To Net: NetName=2S19 Pin=U7-37
Added Pin To Net: NetName=2S18 Pin=U7-38
Added Pin To Net: NetName=2S17 Pin=U7-39
Added Pin To Net: NetName=2S16 Pin=U7-40
Added Pin To Net: NetName=2S15 Pin=U7-41
Added Pin To Net: NetName=2S14 Pin=U7-42
Added Pin To Net: NetName=2S13 Pin=U7-43
Added Pin To Net: NetName=2S12 Pin=U7-44
Added Pin To Net: NetName=2S11 Pin=U7-45
Added Pin To Net: NetName=2S10 Pin=U7-46
Added Pin To Net: NetName=2S9 Pin=U7-47
Added Pin To Net: NetName=2S8 Pin=U7-48
