Change Component Designator: Old Designator=C2 New Designator=C1
Change Component Designator: Old Designator=C3 New Designator=C2
Change Component Designator: Old Designator=C4 New Designator=C3
Change Component Designator: Old Designator=C5 New Designator=C4
Change Component Designator: Old Designator=C6 New Designator=C5
Change Component Designator: Old Designator=C7 New Designator=C6
Change Component Designator: Old Designator=C8 New Designator=C7
Change Component Designator: Old Designator=C10 New Designator=C8
Change Component Designator: Old Designator=C12 New Designator=C9
Change Component Designator: Old Designator=C13 New Designator=C10
Change Component Designator: Old Designator=C15 New Designator=C11
Change Component Designator: Old Designator=C18 New Designator=C12
Change Component Designator: Old Designator=C19 New Designator=C13
Change Component Designator: Old Designator=C20 New Designator=C14
Change Component Designator: Old Designator=C23 New Designator=C15
Change Component Designator: Old Designator=C23 New Designator=C21
Change Component Designator: Old Designator=C24 New Designator=C16
Change Component Designator: Old Designator=C24 New Designator=C22
Change Component Designator: Old Designator=C155 New Designator=C17
Change Component Designator: Old Designator=C156 New Designator=C18
Change Component Designator: Old Designator=C162 New Designator=C19
Change Component Designator: Old Designator=C163 New Designator=C20
Change Component Designator: Old Designator=LED9 New Designator=LED1
Change Component Designator: Old Designator=LS? New Designator=LS1
Change Component Designator: Old Designator=OP1 New Designator=OP2
Change Component Designator: Old Designator=P? New Designator=P1
Change Component Designator: Old Designator=P? New Designator=P2
Change Component Designator: Old Designator=Q? New Designator=Q1
Change Component Designator: Old Designator=R1 New Designator=R5
Change Component Designator: Old Designator=R2 New Designator=R6
Change Component Designator: Old Designator=R3 New Designator=R7
Change Component Designator: Old Designator=R4 New Designator=R8
Change Component Designator: Old Designator=R7 New Designator=R9
Change Component Designator: Old Designator=R8 New Designator=R10
Change Component Designator: Old Designator=R13 New Designator=R14
Change Component Designator: Old Designator=R13 New Designator=R18
Change Component Designator: Old Designator=R13 New Designator=R19
Change Component Designator: Old Designator=R14 New Designator=R15
Change Component Designator: Old Designator=R14 New Designator=R16
Change Component Designator: Old Designator=R14 New Designator=R20
Change Component Designator: Old Designator=R14 New Designator=R21
Change Component Designator: Old Designator=R27 New Designator=R3
Change Component Designator: Old Designator=R28 New Designator=R1
Change Component Designator: Old Designator=R28 New Designator=R2
Change Component Designator: Old Designator=R28 New Designator=R4
Change Component Designator: Old Designator=R119 New Designator=R17
Change Component Designator: Old Designator=R119 New Designator=R22
Change Component Designator: Old Designator=R119 New Designator=R23
Change Component Designator: Old Designator=R119 New Designator=R24
Change Component Designator: Old Designator=R119 New Designator=R25
Change Component Designator: Old Designator=R119 New Designator=R26
Change Component Designator: Old Designator=R119 New Designator=R27
Change Component Designator: Old Designator=U4 New Designator=U3
Change Component Designator: Old Designator=U4 New Designator=U5
Change Component Designator: Old Designator=U11 New Designator=U1
Change Component Designator: Old Designator=U11 New Designator=U2
Change Component Designator: Old Designator=U44 New Designator=U4
Change Component Designator: Old Designator=Y2 New Designator=Y1
