Change Component Designator: Old Designator=AC16V_T1 New Designator=AC2
Change Component Designator: Old Designator=AC16V_T2 New Designator=AC3
Change Component Designator: Old Designator=BR4 New Designator=BR3
Change Component Designator: Old Designator=BR5 New Designator=BR2
Change Component Designator: Old Designator=C21 New Designator=C68
Change Component Designator: Old Designator=C22 New Designator=C69
Change Component Designator: Old Designator=C23 New Designator=C70
Change Component Designator: Old Designator=C24 New Designator=C71
Change Component Designator: Old Designator=C25 New Designator=C67
Change Component Designator: Old Designator=C26 New Designator=C72
Change Component Designator: Old Designator=C27 New Designator=C73
Change Component Designator: Old Designator=C32 New Designator=C74
Change Component Designator: Old Designator=C33 New Designator=C76
Change Component Designator: Old Designator=C34 New Designator=C78
Change Component Designator: Old Designator=C35 New Designator=C80
Change Component Designator: Old Designator=C36 New Designator=C82
Change Component Designator: Old Designator=C41 New Designator=C75
Change Component Designator: Old Designator=C42 New Designator=C77
Change Component Designator: Old Designator=C43 New Designator=C79
Change Component Designator: Old Designator=C44 New Designator=C81
Change Component Designator: Old Designator=C45 New Designator=C83
Change Component Designator: Old Designator=D1 New Designator=D6
Change Component Designator: Old Designator=D6 New Designator=D7
Change Component Designator: Old Designator=L1 New Designator=L5
Change Component Designator: Old Designator=L2 New Designator=L6
Change Component Designator: Old Designator=R15 New Designator=R27
Change Component Designator: Old Designator=R16 New Designator=R29
Change Component Designator: Old Designator=R17 New Designator=R31
Change Component Designator: Old Designator=R21 New Designator=R26
Change Component Designator: Old Designator=R22 New Designator=R28
Change Component Designator: Old Designator=R23 New Designator=R30
Change Component Designator: Old Designator=R24 New Designator=R32
Change Component Designator: Old Designator=R25 New Designator=R33
Change Component Designator: Old Designator=R27 New Designator=R38
Change Component Designator: Old Designator=R28 New Designator=R41
Change Component Designator: Old Designator=R29 New Designator=R34
Change Component Designator: Old Designator=R31 New Designator=R40
Change Component Designator: Old Designator=R33 New Designator=R35
Change Component Designator: Old Designator=R34 New Designator=R36
Change Component Designator: Old Designator=R38 New Designator=R37
Change Component Designator: Old Designator=R68 New Designator=R39
Change Component Designator: Old Designator=U8 New Designator=U14
Change Component Designator: Old Designator=U9 New Designator=U15
Change Component Designator: Old Designator=U10 New Designator=U12
Change Component Designator: Old Designator=U12 New Designator=U13
Change Component Designator: Old Designator=VO2_GND New Designator=VO3
Change Component Designator: Old Designator=VO2_VCC New Designator=VO2
Change Component Designator: Old Designator=VO2_VEE New Designator=VO1
Change Component Designator: Old Designator=VZ1.33V New Designator=VZ1
