Change Component Designator: Old Designator=C5 New Designator=C6
Change Component Designator: Old Designator=C6 New Designator=C2
Change Component Designator: Old Designator=C6 New Designator=C9
Change Component Designator: Old Designator=C7 New Designator=C10
Change Component Designator: Old Designator=C8 New Designator=C11
Change Component Designator: Old Designator=C9 New Designator=C1
Change Component Designator: Old Designator=C9 New Designator=C7
Change Component Designator: Old Designator=C9 New Designator=C13
Change Component Designator: Old Designator=C9 New Designator=C14
Change Component Designator: Old Designator=C9 New Designator=C19
Change Component Designator: Old Designator=C9 New Designator=C27
Change Component Designator: Old Designator=C10 New Designator=C32
Change Component Designator: Old Designator=C11 New Designator=C17
Change Component Designator: Old Designator=C11 New Designator=C21
Change Component Designator: Old Designator=C12 New Designator=C16
Change Component Designator: Old Designator=C13 New Designator=C12
Change Component Designator: Old Designator=C14 New Designator=C18
Change Component Designator: Old Designator=C17 New Designator=C22
Change Component Designator: Old Designator=C18 New Designator=C23
Change Component Designator: Old Designator=C18 New Designator=C24
Change Component Designator: Old Designator=C20 New Designator=C28
Change Component Designator: Old Designator=C21 New Designator=C26
Change Component Designator: Old Designator=C22 New Designator=C25
Change Component Designator: Old Designator=C22 New Designator=C31
Change Component Designator: Old Designator=C23 New Designator=C29
Change Component Designator: Old Designator=C23 New Designator=C30
Change Component Designator: Old Designator=C26 New Designator=C33
Change Component Designator: Old Designator=C100 New Designator=C4
Change Component Designator: Old Designator=C101 New Designator=C5
Change Component Designator: Old Designator=C103 New Designator=C34
Change Component Designator: Old Designator=C103 New Designator=C37
Change Component Designator: Old Designator=C104 New Designator=C36
Change Component Designator: Old Designator=C105 New Designator=C35
Change Component Designator: Old Designator=D2 New Designator=D1
Change Component Designator: Old Designator=D3 New Designator=D2
Change Component Designator: Old Designator=FBMA-11-160808-601T New Designator=FBMA-1
Change Component Designator: Old Designator=FBMA-11-160808-601T New Designator=FBMA-2
Change Component Designator: Old Designator=FBMA-11-160808-601T New Designator=FBMA-3
Change Component Designator: Old Designator=FBMA-11-160808-601T New Designator=FBMA-4
Change Component Designator: Old Designator=FBMA-11-160808-601T New Designator=FBMA-5
Change Component Designator: Old Designator=FBMA-11-160808-601T New Designator=FBMA-6
Change Component Designator: Old Designator=FBMA-11-160808-601T New Designator=FBMA-7
Change Component Designator: Old Designator=FBMA-11-160808-601T New Designator=FBMA-8
Change Component Designator: Old Designator=FBMA-11-160808-601T New Designator=FBMA-9
Change Component Designator: Old Designator=H1 New Designator=H3
Change Component Designator: Old Designator=H2 New Designator=H4
Change Component Designator: Old Designator=H3 New Designator=H2
Change Component Designator: Old Designator=H4 New Designator=H1
Change Component Designator: Old Designator=JP1 New Designator=JP2
Change Component Designator: Old Designator=JP2 New Designator=JP1
Change Component Designator: Old Designator=MCU_FLASH New Designator=MCU_FLASH1
Change Component Designator: Old Designator=R2 New Designator=R3
Change Component Designator: Old Designator=R3 New Designator=R5
Change Component Designator: Old Designator=R3 New Designator=R6
Change Component Designator: Old Designator=R7 New Designator=R9
Change Component Designator: Old Designator=R8 New Designator=R10
Change Component Designator: Old Designator=R9 New Designator=R8
Change Component Designator: Old Designator=R10 New Designator=R16
Change Component Designator: Old Designator=R11 New Designator=R2
Change Component Designator: Old Designator=R12 New Designator=R1
Change Component Designator: Old Designator=R13 New Designator=R4
Change Component Designator: Old Designator=R19 New Designator=R7
Change Component Designator: Old Designator=R19 New Designator=R13
Change Component Designator: Old Designator=R20 New Designator=R14
Change Component Designator: Old Designator=R20 New Designator=R15
Change Component Designator: Old Designator=R? New Designator=R11
Change Component Designator: Old Designator=R? New Designator=R12
Change Component Designator: Old Designator=TVS? New Designator=TVS1
Change Component Designator: Old Designator=TVS? New Designator=TVS2
Change Component Designator: Old Designator=TVS? New Designator=TVS3
Change Component Designator: Old Designator=TVS? New Designator=TVS4
Change Component Designator: Old Designator=TVS? New Designator=TVS5
Change Component Designator: Old Designator=TVS? New Designator=TVS6
Change Component Designator: Old Designator=TVS? New Designator=TVS7
Change Component Designator: Old Designator=TVS? New Designator=TVS8
Change Component Designator: Old Designator=TVS? New Designator=TVS9
Change Component Designator: Old Designator=TVS? New Designator=TVS10
Change Component Designator: Old Designator=U16 New Designator=U6
Change Component Designator: Old Designator=U? New Designator=U2
Change Component Designator: Old Designator=U? New Designator=U3
Change Component Designator: Old Designator=U? New Designator=U4
Change Component Designator: Old Designator=U? New Designator=U5
Change Component Designator: Old Designator=Y1 New Designator=Y2
Change Component Designator: Old Designator=Y2 New Designator=Y1
