Change Component Designator: Old Designator=BR4 New Designator=BR1
Change Component Designator: Old Designator=C1 New Designator=C51
Change Component Designator: Old Designator=C1 New Designator=C56
Change Component Designator: Old Designator=C2 New Designator=C52
Change Component Designator: Old Designator=C2 New Designator=C53
Change Component Designator: Old Designator=C16 New Designator=C54
Change Component Designator: Old Designator=C19 New Designator=C55
Change Component Designator: Old Designator=C33 New Designator=C39
Change Component Designator: Old Designator=C33 New Designator=C42
Change Component Designator: Old Designator=C34 New Designator=C40
Change Component Designator: Old Designator=C36 New Designator=C41
Change Component Designator: Old Designator=C39 New Designator=C44
Change Component Designator: Old Designator=C40 New Designator=C45
Change Component Designator: Old Designator=C42 New Designator=C46
Change Component Designator: Old Designator=C45 New Designator=C49
Change Component Designator: Old Designator=C55 New Designator=C38
Change Component Designator: Old Designator=C62 New Designator=C43
Change Component Designator: Old Designator=C63 New Designator=C47
Change Component Designator: Old Designator=C64 New Designator=C48
Change Component Designator: Old Designator=C103 New Designator=C50
Change Component Designator: Old Designator=D8 New Designator=D4
Change Component Designator: Old Designator=D9 New Designator=D3
Change Component Designator: Old Designator=D10 New Designator=D5
Change Component Designator: Old Designator=L5 New Designator=L4
Change Component Designator: Old Designator=L11 New Designator=L3
Change Component Designator: Old Designator=MCU_+5V New Designator=MCU_+1
Change Component Designator: Old Designator=MCU_GND New Designator=MCU_GND1
Change Component Designator: Old Designator=PWD New Designator=PWD1
Change Component Designator: Old Designator=PWD New Designator=PWD2
Change Component Designator: Old Designator=R4 New Designator=R18
Change Component Designator: Old Designator=R4 New Designator=R23
Change Component Designator: Old Designator=R12 New Designator=R17
Change Component Designator: Old Designator=R12 New Designator=R21
Change Component Designator: Old Designator=R13 New Designator=R22
Change Component Designator: Old Designator=R37 New Designator=R20
Change Component Designator: Old Designator=R39 New Designator=R19
Change Component Designator: Old Designator=TVS? New Designator=TVS11
Change Component Designator: Old Designator=U1 New Designator=U10
Change Component Designator: Old Designator=U2 New Designator=U9
Change Component Designator: Old Designator=U5 New Designator=U8
Change Component Designator: Old Designator=U11 New Designator=U7
