Change Component Designator: Old Designator=AC24V New Designator=AC?
Change Component Designator: Old Designator=C68 New Designator=C?
Change Component Designator: Old Designator=C68 New Designator=C?
Change Component Designator: Old Designator=C68 New Designator=C?
Change Component Designator: Old Designator=C69 New Designator=C?
Change Component Designator: Old Designator=C69 New Designator=C?
Change Component Designator: Old Designator=C69 New Designator=C?
Change Component Designator: Old Designator=C69 New Designator=C?
Change Component Designator: Old Designator=C69 New Designator=C?
Change Component Designator: Old Designator=C70 New Designator=C?
Change Component Designator: Old Designator=C70 New Designator=C?
Change Component Designator: Old Designator=C71 New Designator=C?
Change Component Designator: Old Designator=C71 New Designator=C?
Change Component Designator: Old Designator=C72 New Designator=C?
Change Component Designator: Old Designator=C131 New Designator=C?
Change Component Designator: Old Designator=D1 New Designator=D?
Change Component Designator: Old Designator=D1 New Designator=D?
Change Component Designator: Old Designator=D101 New Designator=D?
Change Component Designator: Old Designator=D102 New Designator=D?
Change Component Designator: Old Designator=D103 New Designator=D?
Change Component Designator: Old Designator=D104 New Designator=D?
Change Component Designator: Old Designator=DS2 New Designator=DS?
Change Component Designator: Old Designator=E103 New Designator=E?
Change Component Designator: Old Designator=JP102 New Designator=JP?
Change Component Designator: Old Designator=L5 New Designator=L?
Change Component Designator: Old Designator=L5 New Designator=L?
Change Component Designator: Old Designator=R14 New Designator=R?
Change Component Designator: Old Designator=R14 New Designator=R?
Change Component Designator: Old Designator=R15 New Designator=R?
Change Component Designator: Old Designator=R140 New Designator=R?
Change Component Designator: Old Designator=U10 New Designator=U?
Change Component Designator: Old Designator=U10 New Designator=U?
