Change Component Designator: Old Designator=4C1 New Designator=1
Change Component Designator: Old Designator=4C2 New Designator=7
Change Component Designator: Old Designator=4C3 New Designator=15
Change Component Designator: Old Designator=4C4 New Designator=21
Change Component Designator: Old Designator=4C5 New Designator=19
Change Component Designator: Old Designator=4C6 New Designator=35
Change Component Designator: Old Designator=4C7 New Designator=37
Change Component Designator: Old Designator=4C8 New Designator=38
Change Component Designator: Old Designator=4C9 New Designator=27
Change Component Designator: Old Designator=4C10 New Designator=47
Change Component Designator: Old Designator=4C11 New Designator=50
Change Component Designator: Old Designator=4D1 New Designator=45
Change Component Designator: Old Designator=4D2 New Designator=43
Change Component Designator: Old Designator=4R1 New Designator=3
Change Component Designator: Old Designator=4R2 New Designator=9
Change Component Designator: Old Designator=4R3 New Designator=10
Change Component Designator: Old Designator=4R4 New Designator=17
Change Component Designator: Old Designator=4R5 New Designator=23
Change Component Designator: Old Designator=4R6 New Designator=41
Change Component Designator: Old Designator=4R7 New Designator=30
Change Component Designator: Old Designator=4R8 New Designator=55
Change Component Designator: Old Designator=4R9 New Designator=56
Change Component Designator: Old Designator=4R10 New Designator=52
Change Component Designator: Old Designator=4R11 New Designator=51
Change Component Designator: Old Designator=4R12 New Designator=5
Change Component Designator: Old Designator=4U1 New Designator=13
Change Component Designator: Old Designator=4U2 New Designator=33
Change Component Designator: Old Designator=4VR1 New Designator=29
Change Component Designator: Old Designator=4VR2 New Designator=25
Change Component Designator: Old Designator=5C1 New Designator=2
Change Component Designator: Old Designator=5C2 New Designator=8
Change Component Designator: Old Designator=5C3 New Designator=16
Change Component Designator: Old Designator=5C4 New Designator=22
Change Component Designator: Old Designator=5C5 New Designator=20
Change Component Designator: Old Designator=5C6 New Designator=36
Change Component Designator: Old Designator=5C7 New Designator=39
Change Component Designator: Old Designator=5C8 New Designator=40
Change Component Designator: Old Designator=5C9 New Designator=28
Change Component Designator: Old Designator=5C10 New Designator=48
Change Component Designator: Old Designator=5C11 New Designator=49
Change Component Designator: Old Designator=5D1 New Designator=46
Change Component Designator: Old Designator=5D2 New Designator=44
Change Component Designator: Old Designator=5R1 New Designator=4
Change Component Designator: Old Designator=5R2 New Designator=11
Change Component Designator: Old Designator=5R3 New Designator=12
Change Component Designator: Old Designator=5R4 New Designator=18
Change Component Designator: Old Designator=5R5 New Designator=24
Change Component Designator: Old Designator=5R6 New Designator=42
Change Component Designator: Old Designator=5R7 New Designator=32
Change Component Designator: Old Designator=5R8 New Designator=57
Change Component Designator: Old Designator=5R9 New Designator=58
Change Component Designator: Old Designator=5R10 New Designator=54
Change Component Designator: Old Designator=5R11 New Designator=53
Change Component Designator: Old Designator=5R12 New Designator=6
Change Component Designator: Old Designator=5U1 New Designator=14
Change Component Designator: Old Designator=5U2 New Designator=34
Change Component Designator: Old Designator=5VR1 New Designator=31
Change Component Designator: Old Designator=5VR2 New Designator=26
Change Component Designator: Old Designator=H4 New Designator=H5
Change Component Designator: Old Designator=H4 New Designator=H6
Change Component Designator: Old Designator=U4 New Designator=U17
Change Component Designator: Old Designator=U4 New Designator=U16
Change Component Part ID : Designator=U16 Old Part ID =2 New Part ID =1
Change Component Designator: Old Designator=U5 New Designator=U17
Change Component Part ID : Designator=U17 Old Part ID =1 New Part ID =2
Change Component Designator: Old Designator=U5 New Designator=U16
Change Component Designator: Old Designator=VO3 New Designator=VO4
Change Component Designator: Old Designator=VO4 New Designator=VO5
