Change Component Designator: Old Designator=C0? New Designator=C95
Change Component Designator: Old Designator=C0? New Designator=C96
Change Component Designator: Old Designator=C0? New Designator=C97
Change Component Designator: Old Designator=C0? New Designator=C98
Change Component Designator: Old Designator=C0? New Designator=C99
Change Component Designator: Old Designator=C0? New Designator=C100
Change Component Designator: Old Designator=C0? New Designator=C101
Change Component Designator: Old Designator=C0? New Designator=C102
Change Component Designator: Old Designator=C0? New Designator=C103
Change Component Designator: Old Designator=C0? New Designator=C104
Change Component Designator: Old Designator=C0? New Designator=C105
Change Component Designator: Old Designator=C0? New Designator=C106
Change Component Designator: Old Designator=C0? New Designator=C107
Change Component Designator: Old Designator=C0? New Designator=C108
Change Component Designator: Old Designator=C0? New Designator=C109
Change Component Designator: Old Designator=C0? New Designator=C110
Change Component Designator: Old Designator=C0? New Designator=C111
Change Component Designator: Old Designator=C0? New Designator=C112
Change Component Designator: Old Designator=C0? New Designator=C113
Change Component Designator: Old Designator=C0? New Designator=C114
Change Component Designator: Old Designator=C0? New Designator=C115
Change Component Designator: Old Designator=C0? New Designator=C116
Change Component Designator: Old Designator=D0? New Designator=D8
Change Component Designator: Old Designator=D0? New Designator=D9
Change Component Designator: Old Designator=D0? New Designator=D10
Change Component Designator: Old Designator=D0? New Designator=D11
Change Component Designator: Old Designator=P3 New Designator=P2
Change Component Designator: Old Designator=P4 New Designator=P1
Change Component Designator: Old Designator=R0? New Designator=R42
Change Component Designator: Old Designator=R0? New Designator=R43
Change Component Designator: Old Designator=R0? New Designator=R44
Change Component Designator: Old Designator=R0? New Designator=R45
Change Component Designator: Old Designator=R0? New Designator=R46
Change Component Designator: Old Designator=R0? New Designator=R47
Change Component Designator: Old Designator=R0? New Designator=R48
Change Component Designator: Old Designator=R0? New Designator=R49
Change Component Designator: Old Designator=R0? New Designator=R50
Change Component Designator: Old Designator=R0? New Designator=R51
Change Component Designator: Old Designator=R0? New Designator=R52
Change Component Designator: Old Designator=R0? New Designator=R53
Change Component Designator: Old Designator=R0? New Designator=R54
Change Component Designator: Old Designator=R0? New Designator=R55
Change Component Designator: Old Designator=R0? New Designator=R56
Change Component Designator: Old Designator=R0? New Designator=R57
Change Component Designator: Old Designator=R0? New Designator=R58
Change Component Designator: Old Designator=R0? New Designator=R59
Change Component Designator: Old Designator=R0? New Designator=R60
Change Component Designator: Old Designator=R0? New Designator=R61
Change Component Designator: Old Designator=R0? New Designator=R62
Change Component Designator: Old Designator=R0? New Designator=R63
Change Component Designator: Old Designator=R0? New Designator=R64
Change Component Designator: Old Designator=R0? New Designator=R65
Change Component Designator: Old Designator=RP? New Designator=RP1
Change Component Designator: Old Designator=RP? New Designator=RP2
Change Component Designator: Old Designator=RP? New Designator=RP3
Change Component Designator: Old Designator=RP? New Designator=RP4
Change Component Designator: Old Designator=U0? New Designator=U19
Change Component Designator: Old Designator=U0? New Designator=U20
Change Component Designator: Old Designator=U0? New Designator=U21
Change Component Designator: Old Designator=U0? New Designator=U22
Change Component Designator: Old Designator=U19 New Designator=U23
Change Component Designator: Old Designator=U19 New Designator=U23
Change Component Designator: Old Designator=U20 New Designator=U24
Change Component Designator: Old Designator=U20 New Designator=U24
