Change Component Designator: Old Designator=C0? New Designator=C117
Change Component Designator: Old Designator=C0? New Designator=C118
Change Component Designator: Old Designator=C0? New Designator=C119
Change Component Designator: Old Designator=C0? New Designator=C120
Change Component Designator: Old Designator=C0? New Designator=C121
Change Component Designator: Old Designator=C0? New Designator=C122
Change Component Designator: Old Designator=C0? New Designator=C123
Change Component Designator: Old Designator=C0? New Designator=C124
Change Component Designator: Old Designator=C0? New Designator=C125
Change Component Designator: Old Designator=C0? New Designator=C126
Change Component Designator: Old Designator=C0? New Designator=C127
Change Component Designator: Old Designator=C0? New Designator=C128
Change Component Designator: Old Designator=C0? New Designator=C129
Change Component Designator: Old Designator=C0? New Designator=C130
Change Component Designator: Old Designator=C0? New Designator=C131
Change Component Designator: Old Designator=C0? New Designator=C132
Change Component Designator: Old Designator=C0? New Designator=C133
Change Component Designator: Old Designator=C0? New Designator=C134
Change Component Designator: Old Designator=C0? New Designator=C135
Change Component Designator: Old Designator=C0? New Designator=C136
Change Component Designator: Old Designator=C0? New Designator=C137
Change Component Designator: Old Designator=C0? New Designator=C138
Change Component Designator: Old Designator=D0? New Designator=D12
Change Component Designator: Old Designator=D0? New Designator=D13
Change Component Designator: Old Designator=D0? New Designator=D14
Change Component Designator: Old Designator=D0? New Designator=D15
Change Component Designator: Old Designator=H7 New Designator=H8
Change Component Designator: Old Designator=H8 New Designator=H7
Change Component Designator: Old Designator=P1 New Designator=P3
Change Component Designator: Old Designator=P2 New Designator=P4
Change Component Designator: Old Designator=R0? New Designator=R66
Change Component Designator: Old Designator=R0? New Designator=R67
Change Component Designator: Old Designator=R0? New Designator=R68
Change Component Designator: Old Designator=R0? New Designator=R69
Change Component Designator: Old Designator=R0? New Designator=R70
Change Component Designator: Old Designator=R0? New Designator=R71
Change Component Designator: Old Designator=R0? New Designator=R72
Change Component Designator: Old Designator=R0? New Designator=R73
Change Component Designator: Old Designator=R0? New Designator=R74
Change Component Designator: Old Designator=R0? New Designator=R75
Change Component Designator: Old Designator=R0? New Designator=R76
Change Component Designator: Old Designator=R0? New Designator=R77
Change Component Designator: Old Designator=R0? New Designator=R78
Change Component Designator: Old Designator=R0? New Designator=R79
Change Component Designator: Old Designator=R0? New Designator=R80
Change Component Designator: Old Designator=R0? New Designator=R81
Change Component Designator: Old Designator=R0? New Designator=R82
Change Component Designator: Old Designator=R0? New Designator=R83
Change Component Designator: Old Designator=R0? New Designator=R84
Change Component Designator: Old Designator=R0? New Designator=R85
Change Component Designator: Old Designator=R0? New Designator=R86
Change Component Designator: Old Designator=R0? New Designator=R87
Change Component Designator: Old Designator=R0? New Designator=R88
Change Component Designator: Old Designator=R0? New Designator=R89
Change Component Designator: Old Designator=RP? New Designator=RP5
Change Component Designator: Old Designator=RP? New Designator=RP6
Change Component Designator: Old Designator=RP? New Designator=RP7
Change Component Designator: Old Designator=RP? New Designator=RP8
Change Component Designator: Old Designator=U0? New Designator=U25
Change Component Designator: Old Designator=U0? New Designator=U26
Change Component Designator: Old Designator=U0? New Designator=U27
Change Component Designator: Old Designator=U0? New Designator=U28
Change Component Designator: Old Designator=U21 New Designator=U29
Change Component Designator: Old Designator=U21 New Designator=U29
Change Component Designator: Old Designator=U22 New Designator=U30
Change Component Designator: Old Designator=U22 New Designator=U30
