Change Component Designator: Old Designator=2C1 New Designator=59
Change Component Designator: Old Designator=2C2 New Designator=65
Change Component Designator: Old Designator=2C3 New Designator=72
Change Component Designator: Old Designator=2C4 New Designator=77
Change Component Designator: Old Designator=2C5 New Designator=76
Change Component Designator: Old Designator=2C6 New Designator=93
Change Component Designator: Old Designator=2C7 New Designator=94
Change Component Designator: Old Designator=2C8 New Designator=95
Change Component Designator: Old Designator=2C9 New Designator=85
Change Component Designator: Old Designator=2C10 New Designator=106
Change Component Designator: Old Designator=2C11 New Designator=105
Change Component Designator: Old Designator=2D1 New Designator=103
Change Component Designator: Old Designator=2D2 New Designator=101
Change Component Designator: Old Designator=2R1 New Designator=60
Change Component Designator: Old Designator=2R2 New Designator=67
Change Component Designator: Old Designator=2R3 New Designator=68
Change Component Designator: Old Designator=2R4 New Designator=74
Change Component Designator: Old Designator=2R5 New Designator=81
Change Component Designator: Old Designator=2R6 New Designator=99
Change Component Designator: Old Designator=2R7 New Designator=87
Change Component Designator: Old Designator=2R8 New Designator=113
Change Component Designator: Old Designator=2R9 New Designator=114
Change Component Designator: Old Designator=2R10 New Designator=110
Change Component Designator: Old Designator=2R11 New Designator=109
Change Component Designator: Old Designator=2R12 New Designator=63
Change Component Designator: Old Designator=2U1 New Designator=71
Change Component Designator: Old Designator=2U2 New Designator=89
Change Component Designator: Old Designator=2VR1 New Designator=86
Change Component Designator: Old Designator=2VR2 New Designator=83
Change Component Designator: Old Designator=3C1 New Designator=61
Change Component Designator: Old Designator=3C2 New Designator=66
Change Component Designator: Old Designator=3C3 New Designator=75
Change Component Designator: Old Designator=3C4 New Designator=80
Change Component Designator: Old Designator=3C5 New Designator=79
Change Component Designator: Old Designator=3C6 New Designator=96
Change Component Designator: Old Designator=3C7 New Designator=97
Change Component Designator: Old Designator=3C8 New Designator=98
Change Component Designator: Old Designator=3C9 New Designator=88
Change Component Designator: Old Designator=3C10 New Designator=107
Change Component Designator: Old Designator=3C11 New Designator=108
Change Component Designator: Old Designator=3D1 New Designator=104
Change Component Designator: Old Designator=3D2 New Designator=102
Change Component Designator: Old Designator=3R1 New Designator=62
Change Component Designator: Old Designator=3R2 New Designator=69
Change Component Designator: Old Designator=3R3 New Designator=70
Change Component Designator: Old Designator=3R4 New Designator=78
Change Component Designator: Old Designator=3R5 New Designator=82
Change Component Designator: Old Designator=3R6 New Designator=100
Change Component Designator: Old Designator=3R7 New Designator=91
Change Component Designator: Old Designator=3R8 New Designator=115
Change Component Designator: Old Designator=3R9 New Designator=116
Change Component Designator: Old Designator=3R10 New Designator=112
Change Component Designator: Old Designator=3R11 New Designator=111
Change Component Designator: Old Designator=3R12 New Designator=64
Change Component Designator: Old Designator=3U1 New Designator=73
Change Component Designator: Old Designator=3U2 New Designator=92
Change Component Designator: Old Designator=3VR1 New Designator=90
Change Component Designator: Old Designator=3VR2 New Designator=84
Change Component Designator: Old Designator=H4 New Designator=H7
Change Component Designator: Old Designator=H4 New Designator=H8
Change Component Designator: Old Designator=U2 New Designator=U19
Change Component Designator: Old Designator=U2 New Designator=U18
Change Component Part ID : Designator=U18 Old Part ID =2 New Part ID =1
Change Component Designator: Old Designator=U3 New Designator=U19
Change Component Part ID : Designator=U19 Old Part ID =1 New Part ID =2
Change Component Designator: Old Designator=U3 New Designator=U18
Change Component Designator: Old Designator=VO1 New Designator=VO6
Change Component Designator: Old Designator=VO2 New Designator=VO7
