Change Component Designator: Old Designator=C57 New Designator=C66
Change Component Designator: Old Designator=C58 New Designator=C67
Change Component Designator: Old Designator=C59 New Designator=C68
Change Component Designator: Old Designator=C60 New Designator=C70
Change Component Designator: Old Designator=C61 New Designator=C71
Change Component Designator: Old Designator=C62 New Designator=C73
Change Component Designator: Old Designator=C63 New Designator=C74
Change Component Designator: Old Designator=C64 New Designator=C75
Change Component Designator: Old Designator=C65 New Designator=C76
Change Component Designator: Old Designator=C66 New Designator=C77
Change Component Designator: Old Designator=C? New Designator=C65
Change Component Designator: Old Designator=C? New Designator=C69
Change Component Designator: Old Designator=C? New Designator=C72
Change Component Designator: Old Designator=J? New Designator=J1
Change Component Designator: Old Designator=TVS12 New Designator=TVS14
Change Component Designator: Old Designator=TVS13 New Designator=TVS15
Change Component Designator: Old Designator=TVS? New Designator=TVS12
Change Component Designator: Old Designator=TVS? New Designator=TVS13
Change Component Designator: Old Designator=U? New Designator=U12
Change Component Designator: Old Designator=U? New Designator=U13
Change Component Designator: Old Designator=U? New Designator=U14
